  sortComparison.cpp
C:\Program Files\Microsoft Visual Studio\2022\Community\VC\Tools\MSVC\14.30.30705\include\xmemory(783,1): error C2528: 'pointer': pointer to reference is illegal
C:\Program Files\Microsoft Visual Studio\2022\Community\VC\Tools\MSVC\14.30.30705\include\xmemory(611): message : see reference to class template instantiation 'std::allocator<std::vector<int,std::allocator<int>> &>' being compiled
C:\Program Files\Microsoft Visual Studio\2022\Community\VC\Tools\MSVC\14.30.30705\include\xmemory(705): message : see reference to class template instantiation 'std::_Default_allocator_traits<_Alloc>' being compiled
          with
          [
              _Alloc=std::allocator<std::vector<int,std::allocator<int>> &>
          ]
C:\Program Files\Microsoft Visual Studio\2022\Community\VC\Tools\MSVC\14.30.30705\include\vector(444): message : see reference to class template instantiation 'std::allocator_traits<_Alloc>' being compiled
          with
          [
              _Alloc=std::allocator<std::vector<int,std::allocator<int>> &>
          ]
C:\Program Files\Microsoft Visual Studio\2022\Community\VC\Tools\MSVC\14.30.30705\include\vector(444): message : see reference to alias template instantiation 'std::_Rebind_alloc_t<std::allocator<std::vector<int,std::allocator<int>> &>,_Ty>' being compiled
          with
          [
              _Ty=std::vector<int,std::allocator<int>> &
          ]
C:\Users\Dominic\Classes\NonLinear\NonLinProjects\NonLinearProjects\sortComparison.cpp(65): message : see reference to class template instantiation 'std::vector<std::vector<int,std::allocator<int>> &,std::allocator<std::vector<int,std::allocator<int>> &>>' being compiled
C:\Program Files\Microsoft Visual Studio\2022\Community\VC\Tools\MSVC\14.30.30705\include\xmemory(784,1): error C2528: 'const_pointer': pointer to reference is illegal
C:\Program Files\Microsoft Visual Studio\2022\Community\VC\Tools\MSVC\14.30.30705\include\xmemory(803,1): error C2528: 'address': pointer to reference is illegal
C:\Program Files\Microsoft Visual Studio\2022\Community\VC\Tools\MSVC\14.30.30705\include\xmemory(807,1): error C2528: 'address': pointer to reference is illegal
C:\Program Files\Microsoft Visual Studio\2022\Community\VC\Tools\MSVC\14.30.30705\include\xmemory(820,1): error C2528: '_Ptr': pointer to reference is illegal
C:\Program Files\Microsoft Visual Studio\2022\Community\VC\Tools\MSVC\14.30.30705\include\xmemory(825,1): error C2528: 'allocate': pointer to reference is illegal
C:\Program Files\Microsoft Visual Studio\2022\Community\VC\Tools\MSVC\14.30.30705\include\xmemory(838,1): error C2528: 'allocate': pointer to reference is illegal
C:\Program Files\Microsoft Visual Studio\2022\Community\VC\Tools\MSVC\14.30.30705\include\xmemory(613,1): error C2528: 'abstract declarator': pointer to reference is illegal
C:\Program Files\Microsoft Visual Studio\2022\Community\VC\Tools\MSVC\14.30.30705\include\xmemory(614,1): error C2528: 'abstract declarator': pointer to reference is illegal
C:\Program Files\Microsoft Visual Studio\2022\Community\VC\Tools\MSVC\14.30.30705\include\xmemory(633,1): error C2528: '<template-parameter>': pointer to reference is illegal
C:\Program Files\Microsoft Visual Studio\2022\Community\VC\Tools\MSVC\14.30.30705\include\xmemory(647,1): error C2528: '<template-parameter>': pointer to reference is illegal
C:\Program Files\Microsoft Visual Studio\2022\Community\VC\Tools\MSVC\14.30.30705\include\xmemory(734,1): error C2528: 'abstract declarator': pointer to reference is illegal
C:\Program Files\Microsoft Visual Studio\2022\Community\VC\Tools\MSVC\14.30.30705\include\vector(461): message : see reference to variable template 'const bool _Is_simple_alloc_v<std::allocator<std::vector<int,std::allocator<int> > &> >' being compiled
C:\Program Files\Microsoft Visual Studio\2022\Community\VC\Tools\MSVC\14.30.30705\include\xmemory(734,1): error C2528: '<template-parameter>': pointer to reference is illegal
C:\Program Files\Microsoft Visual Studio\2022\Community\VC\Tools\MSVC\14.30.30705\include\xmemory(735,1): error C2528: 'abstract declarator': pointer to reference is illegal
C:\Program Files\Microsoft Visual Studio\2022\Community\VC\Tools\MSVC\14.30.30705\include\xmemory(735,1): error C2528: '<template-parameter>': pointer to reference is illegal
C:\Program Files\Microsoft Visual Studio\2022\Community\VC\Tools\MSVC\14.30.30705\include\vector(462,88): error C2528: '<template-parameter>': pointer to reference is illegal
C:\Program Files\Microsoft Visual Studio\2022\Community\VC\Tools\MSVC\14.30.30705\include\vector(630,1): error C2535: 'void std::vector<std::vector<int,std::allocator<int>> &,std::allocator<std::vector<int,std::allocator<int>> &>>::push_back(_Ty)': member function already defined or declared
          with
          [
              _Ty=std::vector<int,std::allocator<int>> &
          ]
C:\Program Files\Microsoft Visual Studio\2022\Community\VC\Tools\MSVC\14.30.30705\include\vector(626): message : see declaration of 'std::vector<std::vector<int,std::allocator<int>> &,std::allocator<std::vector<int,std::allocator<int>> &>>::push_back'
C:\Program Files\Microsoft Visual Studio\2022\Community\VC\Tools\MSVC\14.30.30705\include\vector(720,1): error C2535: 'std::_Vector_iterator<std::_Vector_val<std::_Simple_types<_Ty>>> std::vector<_Ty,std::allocator<_Ty>>::insert(std::_Vector_const_iterator<std::_Vector_val<std::_Simple_types<_Ty>>>,_Ty)': member function already defined or declared
          with
          [
              _Ty=std::vector<int,std::allocator<int>> &
          ]
C:\Program Files\Microsoft Visual Studio\2022\Community\VC\Tools\MSVC\14.30.30705\include\vector(716): message : see declaration of 'std::vector<std::vector<int,std::allocator<int>> &,std::allocator<std::vector<int,std::allocator<int>> &>>::insert'
C:\Program Files\Microsoft Visual Studio\2022\Community\VC\Tools\MSVC\14.30.30705\include\vector(1375,1): error C2528: 'data': pointer to reference is illegal
C:\Program Files\Microsoft Visual Studio\2022\Community\VC\Tools\MSVC\14.30.30705\include\vector(1379,1): error C2528: 'data': pointer to reference is illegal
C:\Program Files\Microsoft Visual Studio\2022\Community\VC\Tools\MSVC\14.30.30705\include\xmemory(743,1): error C2528: 'abstract declarator': pointer to reference is illegal
C:\Program Files\Microsoft Visual Studio\2022\Community\VC\Tools\MSVC\14.30.30705\include\vector(390): message : see reference to class template instantiation 'std::_Simple_types<_Ty>' being compiled
          with
          [
              _Ty=std::vector<int,std::allocator<int>> &
          ]
C:\Program Files\Microsoft Visual Studio\2022\Community\VC\Tools\MSVC\14.30.30705\include\xmemory(1359): message : see reference to class template instantiation 'std::_Vector_val<std::_Simple_types<_Ty>>' being compiled
          with
          [
              _Ty=std::vector<int,std::allocator<int>> &
          ]
C:\Program Files\Microsoft Visual Studio\2022\Community\VC\Tools\MSVC\14.30.30705\include\vector(1785): message : see reference to class template instantiation 'std::_Compressed_pair<std::allocator<std::vector<int,std::allocator<int>> &>,std::_Vector_val<std::_Simple_types<_Ty>>,true>' being compiled
          with
          [
              _Ty=std::vector<int,std::allocator<int>> &
          ]
C:\Program Files\Microsoft Visual Studio\2022\Community\VC\Tools\MSVC\14.30.30705\include\xmemory(744,1): error C2528: 'abstract declarator': pointer to reference is illegal
C:\Program Files\Microsoft Visual Studio\2022\Community\VC\Tools\MSVC\14.30.30705\include\initializer_list(29,1): error C2528: 'abstract declarator': pointer to reference is illegal
C:\Users\Dominic\Classes\NonLinear\NonLinProjects\NonLinearProjects\sortComparison.cpp(65): message : see reference to class template instantiation 'std::initializer_list<_Ty>' being compiled
          with
          [
              _Ty=std::vector<int,std::allocator<int>> &
          ]
C:\Program Files\Microsoft Visual Studio\2022\Community\VC\Tools\MSVC\14.30.30705\include\initializer_list(30,1): error C2528: 'abstract declarator': pointer to reference is illegal
C:\Program Files\Microsoft Visual Studio\2022\Community\VC\Tools\MSVC\14.30.30705\include\initializer_list(34,1): error C2528: '_First_arg': pointer to reference is illegal
C:\Program Files\Microsoft Visual Studio\2022\Community\VC\Tools\MSVC\14.30.30705\include\initializer_list(34,1): error C2528: '_Last_arg': pointer to reference is illegal
C:\Program Files\Microsoft Visual Studio\2022\Community\VC\Tools\MSVC\14.30.30705\include\initializer_list(37,1): error C2528: 'begin': pointer to reference is illegal
C:\Program Files\Microsoft Visual Studio\2022\Community\VC\Tools\MSVC\14.30.30705\include\initializer_list(41,1): error C2528: 'end': pointer to reference is illegal
C:\Program Files\Microsoft Visual Studio\2022\Community\VC\Tools\MSVC\14.30.30705\include\initializer_list(50,1): error C2528: '_First': pointer to reference is illegal
C:\Program Files\Microsoft Visual Studio\2022\Community\VC\Tools\MSVC\14.30.30705\include\initializer_list(51,1): error C2528: '_Last': pointer to reference is illegal
C:\Users\Dominic\Classes\NonLinear\NonLinProjects\NonLinearProjects\sortComparison.cpp(78,19): warning C4244: 'initializing': conversion from 'double' to 'int', possible loss of data
